<?xml version="1.0" encoding="UTF-8"?>
<!-- Generated by org.testng.reporters.JUnitReportReporter -->
<testsuite hostname="DESKTOP-10G2ADP" failures="0" tests="2" name="RestTesting.TestNg" time="0.024" errors="0" timestamp="14 Mar 2022 11:15:04 GMT">
  <testcase classname="RestTesting.TestNg" name="testcase1" time="0.012"/>
  <testcase classname="RestTesting.TestNg" name="testcase2" time="0.012"/>
</testsuite> <!-- RestTesting.TestNg -->
