<?xml version="1.0" encoding="UTF-8"?>
<!-- Generated by org.testng.reporters.JUnitReportReporter -->
<testsuite hostname="DESKTOP-10G2ADP" failures="0" tests="3" name="RestTesting.Trello" time="10.339" errors="0" timestamp="16 Mar 2022 17:14:46 GMT">
  <testcase classname="RestTesting.Trello" name="createBoard" time="8.754"/>
  <testcase classname="RestTesting.Trello" name="deleteBoard" time="0.868"/>
  <testcase classname="RestTesting.Trello" name="getBoard" time="0.717"/>
</testsuite> <!-- RestTesting.Trello -->
