<?xml version="1.0" encoding="UTF-8"?>
<!-- Generated by org.testng.reporters.JUnitReportReporter -->
<testsuite hostname="DESKTOP-10G2ADP" failures="0" tests="3" name="RestTesting.E_commerce" time="18.091" errors="0" timestamp="16 Mar 2022 17:14:46 GMT">
  <testcase classname="RestTesting.E_commerce" name="getallusers" time="2.892"/>
  <testcase classname="RestTesting.E_commerce" name="Login" time="13.420"/>
  <testcase classname="RestTesting.E_commerce" name="delete" time="1.779"/>
</testsuite> <!-- RestTesting.E_commerce -->
