<?xml version="1.0" encoding="UTF-8"?>
<!-- Generated by org.testng.reporters.JUnitReportReporter -->
<testsuite hostname="DESKTOP-10G2ADP" failures="0" tests="1" name="RestTesting.TrelloGetBoard" time="3.230" errors="0" timestamp="15 Mar 2022 05:58:50 GMT">
  <testcase classname="RestTesting.TrelloGetBoard" name="getBoard" time="3.230"/>
</testsuite> <!-- RestTesting.TrelloGetBoard -->
