<?xml version="1.0" encoding="UTF-8"?>
<!-- Generated by org.testng.reporters.JUnitReportReporter -->
<testsuite hostname="DESKTOP-10G2ADP" failures="0" tests="1" name="RestTesting.TrelloDelete" time="3.927" errors="0" timestamp="15 Mar 2022 17:01:51 GMT">
  <testcase classname="RestTesting.TrelloDelete" name="deleteBoard" time="3.927"/>
</testsuite> <!-- RestTesting.TrelloDelete -->
